[ 2018-01-15T23:04:56+08:00 ] 127.0.0.1 /index.php/Cases/detail/id/2.html
INFO: [ app_init ] --START--
INFO: Run Behavior\BuildLiteBehavior [ RunTime:0.000000s ]
INFO: [ app_init ] --END-- [ RunTime:0.002000s ]
INFO: [ app_begin ] --START--
INFO: Run Behavior\ReadHtmlCacheBehavior [ RunTime:0.002001s ]
INFO: [ app_begin ] --END-- [ RunTime:0.002001s ]
SQL: SHOW COLUMNS FROM `re_cases` [ RunTime:0.0070s ]
SQL: SELECT * FROM `re_cases` LIMIT 1   [ RunTime:0.0010s ]
SQL: SHOW COLUMNS FROM `re_news` [ RunTime:0.0050s ]
SQL: select * from re_cases where orderby='2' [ RunTime:0.0010s ]
INFO: [ view_parse ] --START--
INFO: [ template_filter ] --START--
INFO: Run Behavior\ContentReplaceBehavior [ RunTime:0.000000s ]
INFO: [ template_filter ] --END-- [ RunTime:0.000000s ]
NOTIC: [8] Undefined variable: new I:\www\tp\application\Runtime\Cache\Home\23467b1060a8a4d03ec3b788dddbb4f0.php 第 46 行.
NOTIC: [8] Undefined index: new_pic I:\www\tp\application\Runtime\Cache\Home\23467b1060a8a4d03ec3b788dddbb4f0.php 第 49 行.
INFO: Run Behavior\ParseTemplateBehavior [ RunTime:0.031002s ]
INFO: [ view_parse ] --END-- [ RunTime:0.031002s ]
INFO: [ view_filter ] --START--
INFO: Run Behavior\WriteHtmlCacheBehavior [ RunTime:0.001000s ]
INFO: [ view_filter ] --END-- [ RunTime:0.001000s ]
INFO: [ app_end ] --START--
INFO: Run Behavior\ShowPageTraceBehavior [ RunTime:0.001000s ]
INFO: [ app_end ] --END-- [ RunTime:0.001000s ]

[ 2018-01-15T23:04:56+08:00 ] 127.0.0.1 /index.php/Cases/detail/id/2.html
INFO: [ app_init ] --START--
INFO: Run Behavior\BuildLiteBehavior [ RunTime:0.000000s ]
INFO: [ app_init ] --END-- [ RunTime:0.001000s ]
INFO: [ app_begin ] --START--
INFO: Run Behavior\ReadHtmlCacheBehavior [ RunTime:0.001000s ]
INFO: [ app_begin ] --END-- [ RunTime:0.001000s ]
SQL: SHOW COLUMNS FROM `re_cases` [ RunTime:0.0050s ]
SQL: SELECT * FROM `re_cases` LIMIT 1   [ RunTime:0.0000s ]
SQL: SHOW COLUMNS FROM `re_news` [ RunTime:0.0050s ]
SQL: select * from re_cases where orderby='2' [ RunTime:0.0010s ]
INFO: [ view_parse ] --START--
INFO: [ template_filter ] --START--
INFO: Run Behavior\ContentReplaceBehavior [ RunTime:0.001000s ]
INFO: [ template_filter ] --END-- [ RunTime:0.001000s ]
NOTIC: [8] Undefined variable: new I:\www\tp\application\Runtime\Cache\Home\23467b1060a8a4d03ec3b788dddbb4f0.php 第 46 行.
NOTIC: [8] Undefined index: new_pic I:\www\tp\application\Runtime\Cache\Home\23467b1060a8a4d03ec3b788dddbb4f0.php 第 49 行.
INFO: Run Behavior\ParseTemplateBehavior [ RunTime:0.019001s ]
INFO: [ view_parse ] --END-- [ RunTime:0.019001s ]
INFO: [ view_filter ] --START--
INFO: Run Behavior\WriteHtmlCacheBehavior [ RunTime:0.001000s ]
INFO: [ view_filter ] --END-- [ RunTime:0.001000s ]
INFO: [ app_end ] --START--
INFO: Run Behavior\ShowPageTraceBehavior [ RunTime:0.001000s ]
INFO: [ app_end ] --END-- [ RunTime:0.002000s ]

[ 2018-01-15T23:04:57+08:00 ] 127.0.0.1 /index.php/Cases/detail/id/2.html
INFO: [ app_init ] --START--
INFO: Run Behavior\BuildLiteBehavior [ RunTime:0.000000s ]
INFO: [ app_init ] --END-- [ RunTime:0.001000s ]
INFO: [ app_begin ] --START--
INFO: Run Behavior\ReadHtmlCacheBehavior [ RunTime:0.001000s ]
INFO: [ app_begin ] --END-- [ RunTime:0.001000s ]
SQL: SHOW COLUMNS FROM `re_cases` [ RunTime:0.0050s ]
SQL: SELECT * FROM `re_cases` LIMIT 1   [ RunTime:0.0000s ]
SQL: SHOW COLUMNS FROM `re_news` [ RunTime:0.0060s ]
SQL: select * from re_cases where orderby='2' [ RunTime:0.0010s ]
INFO: [ view_parse ] --START--
INFO: [ template_filter ] --START--
INFO: Run Behavior\ContentReplaceBehavior [ RunTime:0.001000s ]
INFO: [ template_filter ] --END-- [ RunTime:0.001000s ]
NOTIC: [8] Undefined variable: new I:\www\tp\application\Runtime\Cache\Home\23467b1060a8a4d03ec3b788dddbb4f0.php 第 46 行.
NOTIC: [8] Undefined index: new_pic I:\www\tp\application\Runtime\Cache\Home\23467b1060a8a4d03ec3b788dddbb4f0.php 第 49 行.
INFO: Run Behavior\ParseTemplateBehavior [ RunTime:0.022001s ]
INFO: [ view_parse ] --END-- [ RunTime:0.023001s ]
INFO: [ view_filter ] --START--
INFO: Run Behavior\WriteHtmlCacheBehavior [ RunTime:0.001001s ]
INFO: [ view_filter ] --END-- [ RunTime:0.001001s ]
INFO: [ app_end ] --START--
INFO: Run Behavior\ShowPageTraceBehavior [ RunTime:0.004000s ]
INFO: [ app_end ] --END-- [ RunTime:0.004000s ]

[ 2018-01-15T23:04:59+08:00 ] 127.0.0.1 /index.php/Cases/detail/id/2.html
INFO: [ app_init ] --START--
INFO: Run Behavior\BuildLiteBehavior [ RunTime:0.000000s ]
INFO: [ app_init ] --END-- [ RunTime:0.001000s ]
INFO: [ app_begin ] --START--
INFO: Run Behavior\ReadHtmlCacheBehavior [ RunTime:0.001000s ]
INFO: [ app_begin ] --END-- [ RunTime:0.001000s ]
SQL: SHOW COLUMNS FROM `re_cases` [ RunTime:0.0070s ]
SQL: SELECT * FROM `re_cases` LIMIT 1   [ RunTime:0.0010s ]
SQL: SHOW COLUMNS FROM `re_news` [ RunTime:0.0060s ]
SQL: select * from re_cases where orderby='2' [ RunTime:0.0010s ]
INFO: [ view_parse ] --START--
INFO: [ template_filter ] --START--
INFO: Run Behavior\ContentReplaceBehavior [ RunTime:0.001000s ]
INFO: [ template_filter ] --END-- [ RunTime:0.001000s ]
NOTIC: [8] Undefined variable: new I:\www\tp\application\Runtime\Cache\Home\23467b1060a8a4d03ec3b788dddbb4f0.php 第 46 行.
NOTIC: [8] Undefined index: new_pic I:\www\tp\application\Runtime\Cache\Home\23467b1060a8a4d03ec3b788dddbb4f0.php 第 49 行.
INFO: Run Behavior\ParseTemplateBehavior [ RunTime:0.025001s ]
INFO: [ view_parse ] --END-- [ RunTime:0.025001s ]
INFO: [ view_filter ] --START--
INFO: Run Behavior\WriteHtmlCacheBehavior [ RunTime:0.001000s ]
INFO: [ view_filter ] --END-- [ RunTime:0.001000s ]
INFO: [ app_end ] --START--
INFO: Run Behavior\ShowPageTraceBehavior [ RunTime:0.001000s ]
INFO: [ app_end ] --END-- [ RunTime:0.001000s ]

